Arguments: 
  D:\software\nodejs\node.exe C:\Users\357095\AppData\Roaming\npm\node_modules\yarn\bin\yarn.js install

PATH: 
  C:\Ruby24-x64\bin;D:\software\Python36\Scripts\;D:\software\Python36\;C:\Program Files\ImageMagick-7.0.3-Q16;c:\Ruby23-x64\bin;C:\ProgramData\Oracle\Java\javapath;C:\windows\system32;C:\windows;C:\windows\System32\Wbem;C:\windows\System32\WindowsPowerShell\v1.0\;C:\Java\jdk1.8.0_91\bin;C:\Java\jdk1.8.0_91\jre\bin;C:\Program Files\TortoiseSVN\bin;D:\software\apache-ant-1.9.7\bin;D:\software\Android\android-sdk\tools;D:\software\Android\android-sdk\platform-tools;E:\MongoDB\bin;C:\ProgramData\Anaconda3;C:\ProgramData\Anaconda3\Scripts;C:\ProgramData\Anaconda3\Library\bin;D:\software\Python36\Lib\site-packages\;D:\software\Python36\Lib\;D:\software\Sublime Text 3;D:\software\PuTTY\;D:\software\Git\bin;C:\Users\357095\AppData\Local\atom\app-1.18.0\resources\app\apm\bin;C:\windows\System32\WindowsPowerShell\v1.0\;D:\software\TortoiseGit\bin;D:\software\Android\android-sdk\tools;D:\software\Android\android-sdk\platform-tools;D:\Software\VisualSVN Server\bin;C:\ProgramData\chocolatey\bin;D:\software\nodejs\;C:\Users\357095\AppData\Local\atom\bin;c:\program files (x86)\esafenet\cobra docguard client;d:\Software\Microsoft VS Code\bin;C:\Users\357095\AppData\Roaming\npm

Yarn version: 
  1.3.2

Node version: 
  7.2.0

Platform: 
  win32 x64

npm manifest: 
  {
    "name": "demo06",
    "version": "0.0.0",
    "license": "MIT",
    "scripts": {
      "ng": "ng",
      "start": "ng serve",
      "build": "ng build --prod",
      "test": "ng test",
      "lint": "ng lint",
      "e2e": "ng e2e"
    },
    "private": true,
    "dependencies": {
      "@angular/animations": "^5.2.0",
      "@angular/common": "^5.2.0",
      "@angular/compiler": "^5.2.0",
      "@angular/core": "^5.2.0",
      "@angular/forms": "^5.2.0",
      "@angular/http": "^5.2.0",
      "@angular/platform-browser": "^5.2.0",
      "@angular/platform-browser-dynamic": "^5.2.0",
      "@angular/router": "^5.2.0",
      "core-js": "^2.4.1",
      "rxjs": "^5.5.6",
      "zone.js": "^0.8.19"
    },
    "devDependencies": {
      "@angular/cli": "1.6.5",
      "@angular/compiler-cli": "^5.2.0",
      "@angular/language-service": "^5.2.0",
      "@types/jasmine": "~2.8.3",
      "@types/jasminewd2": "~2.0.2",
      "@types/node": "~6.0.60",
      "codelyzer": "^4.0.1",
      "jasmine-core": "~2.8.0",
      "jasmine-spec-reporter": "~4.2.1",
      "karma": "~2.0.0",
      "karma-chrome-launcher": "~2.2.0",
      "karma-coverage-istanbul-reporter": "^1.2.1",
      "karma-jasmine": "~1.1.0",
      "karma-jasmine-html-reporter": "^0.2.2",
      "protractor": "~5.1.2",
      "ts-node": "~4.1.0",
      "tslint": "~5.9.1",
      "typescript": "~2.5.3"
    }
  }

yarn manifest: 
  No manifest

Lockfile: 
  No lockfile

Trace: 
  Error: https://registry.npm.taobao.org/typescript: ESOCKETTIMEDOUT
      at ClientRequest.<anonymous> (C:\Users\357095\AppData\Roaming\npm\node_modules\yarn\lib\cli.js:123716:19)
      at ClientRequest.g (events.js:292:16)
      at emitNone (events.js:86:13)
      at ClientRequest.emit (events.js:185:7)
      at TLSSocket.emitTimeout (_http_client.js:620:10)
      at TLSSocket.g (events.js:292:16)
      at emitNone (events.js:86:13)
      at TLSSocket.emit (events.js:185:7)
      at TLSSocket.Socket._onTimeout (net.js:342:8)
      at ontimeout (timers.js:365:14)
